D:\DOCUMENTS\PERSO\PROJECTS\AIR\NATIVEEXTENSIONS\NATIVEDMXCONTROLLER\ANE_SRC\NATIVE_SRC\WINDOWS-X86\DMXEXTENSION\DEBUG\DMXEXTENSION.OBJ
D:\DOCUMENTS\PERSO\PROJECTS\AIR\NATIVEEXTENSIONS\NATIVEDMXCONTROLLER\ANE_SRC\NATIVE_SRC\WINDOWS-X86\DMXEXTENSION\DEBUG\VC110.PDB
D:\DOCUMENTS\PERSO\PROJECTS\AIR\NATIVEEXTENSIONS\NATIVEDMXCONTROLLER\ANE_SRC\NATIVE_SRC\WINDOWS-X86\DMXEXTENSION\DEBUG\DLLMAIN.OBJ
D:\Documents\Perso\Projects\AIR\NativeExtensions\NativeDMXController\ane_src\native_src\Windows-x86\DMXExtension\Debug\DMXExtension.lib
D:\Documents\Perso\Projects\AIR\NativeExtensions\NativeDMXController\ane_src\native_src\Windows-x86\DMXExtension\Debug\DMXExtension.exp
D:\DOCUMENTS\PERSO\PROJECTS\AIR\NATIVEEXTENSIONS\NATIVEDMXCONTROLLER\ANE_SRC\NATIVE_SRC\WINDOWS-X86\DMXEXTENSION\DEBUG\DMXEXTENSION.ILK
D:\DOCUMENTS\PERSO\PROJECTS\AIR\NATIVEEXTENSIONS\NATIVEDMXCONTROLLER\ANE_SRC\NATIVE_SRC\WINDOWS-X86\DMXEXTENSION\DEBUG\DMXEXTENSION.DLL
D:\DOCUMENTS\PERSO\PROJECTS\AIR\NATIVEEXTENSIONS\NATIVEDMXCONTROLLER\ANE_SRC\NATIVE_SRC\WINDOWS-X86\DMXEXTENSION\DEBUG\DMXEXTENSION.PDB
D:\Documents\Perso\Projects\AIR\NativeExtensions\NativeDMXController\ane_src\native_src\Windows-x86\DMXExtension\Debug\dllmain.obj
D:\Documents\Perso\Projects\AIR\NativeExtensions\NativeDMXController\ane_src\native_src\Windows-x86\DMXExtension\Debug\DMXExtension.obj
D:\Documents\Perso\Projects\AIR\NativeExtensions\NativeDMXController\ane_src\native_src\Windows-x86\DMXExtension\Debug\DMXExtension.ilk
D:\Documents\Perso\Projects\AIR\NativeExtensions\NativeDMXController\ane_src\native_src\Windows-x86\DMXExtension\Debug\cl.command.1.tlog
D:\Documents\Perso\Projects\AIR\NativeExtensions\NativeDMXController\ane_src\native_src\Windows-x86\DMXExtension\Debug\CL.read.1.tlog
D:\Documents\Perso\Projects\AIR\NativeExtensions\NativeDMXController\ane_src\native_src\Windows-x86\DMXExtension\Debug\CL.write.1.tlog
D:\Documents\Perso\Projects\AIR\NativeExtensions\NativeDMXController\ane_src\native_src\Windows-x86\DMXExtension\Debug\DMXExtension.write.1.tlog
D:\Documents\Perso\Projects\AIR\NativeExtensions\NativeDMXController\ane_src\native_src\Windows-x86\DMXExtension\Debug\link-cvtres.read.1.tlog
D:\Documents\Perso\Projects\AIR\NativeExtensions\NativeDMXController\ane_src\native_src\Windows-x86\DMXExtension\Debug\link-cvtres.write.1.tlog
D:\Documents\Perso\Projects\AIR\NativeExtensions\NativeDMXController\ane_src\native_src\Windows-x86\DMXExtension\Debug\link-rc.read.1.tlog
D:\Documents\Perso\Projects\AIR\NativeExtensions\NativeDMXController\ane_src\native_src\Windows-x86\DMXExtension\Debug\link-rc.write.1.tlog
D:\Documents\Perso\Projects\AIR\NativeExtensions\NativeDMXController\ane_src\native_src\Windows-x86\DMXExtension\Debug\link.1420-cvtres.read.1.tlog
D:\Documents\Perso\Projects\AIR\NativeExtensions\NativeDMXController\ane_src\native_src\Windows-x86\DMXExtension\Debug\link.1420-cvtres.write.1.tlog
D:\Documents\Perso\Projects\AIR\NativeExtensions\NativeDMXController\ane_src\native_src\Windows-x86\DMXExtension\Debug\link.1420-rc.read.1.tlog
D:\Documents\Perso\Projects\AIR\NativeExtensions\NativeDMXController\ane_src\native_src\Windows-x86\DMXExtension\Debug\link.1420-rc.write.1.tlog
D:\Documents\Perso\Projects\AIR\NativeExtensions\NativeDMXController\ane_src\native_src\Windows-x86\DMXExtension\Debug\link.1420.read.1.tlog
D:\Documents\Perso\Projects\AIR\NativeExtensions\NativeDMXController\ane_src\native_src\Windows-x86\DMXExtension\Debug\link.1420.write.1.tlog
D:\Documents\Perso\Projects\AIR\NativeExtensions\NativeDMXController\ane_src\native_src\Windows-x86\DMXExtension\Debug\link.command.1.tlog
D:\Documents\Perso\Projects\AIR\NativeExtensions\NativeDMXController\ane_src\native_src\Windows-x86\DMXExtension\Debug\link.read.1.tlog
D:\Documents\Perso\Projects\AIR\NativeExtensions\NativeDMXController\ane_src\native_src\Windows-x86\DMXExtension\Debug\link.write.1.tlog
D:\Documents\Perso\Projects\AIR\NativeExtensions\NativeDMXController\ane_src\native_src\Windows-x86\DMXExtension\Debug\vc110.idb
D:\Documents\Perso\Projects\AIR\NativeExtensions\NativeDMXController\ane_src\native_src\Windows-x86\DMXExtension\Debug\DMXExtension.pdb
D:\Documents\Perso\Projects\AIR\NativeExtensions\NativeDMXController\ane_src\native_src\Windows-x86\DMXExtension\Debug\vc110.pdb
D:\Documents\Perso\Projects\AIR\NativeExtensions\NativeDMXController\ane_src\native_src\Windows-x86\DMXExtension\Debug\DMXExtension.dll
