D:\DOCUMENTS\PERSO\PROJECTS\AIR\NATIVEEXTENSIONS\NATIVESERIAL\ANE_SRC\NATIVE_SRC\WINDOWS-X86\NATIVESERIALEXTENSION\DEBUG\ASSEMBLYINFO.OBJ
D:\DOCUMENTS\PERSO\PROJECTS\AIR\NATIVEEXTENSIONS\NATIVESERIAL\ANE_SRC\NATIVE_SRC\WINDOWS-X86\NATIVESERIALEXTENSION\DEBUG\.NETFRAMEWORK,VERSION=V4.5.ASSEMBLYATTRIBUTES.OBJ
D:\DOCUMENTS\PERSO\PROJECTS\AIR\NATIVEEXTENSIONS\NATIVESERIAL\ANE_SRC\NATIVE_SRC\WINDOWS-X86\NATIVESERIALEXTENSION\DEBUG\VC110.PDB
D:\DOCUMENTS\PERSO\PROJECTS\AIR\NATIVEEXTENSIONS\NATIVESERIAL\ANE_SRC\NATIVE_SRC\WINDOWS-X86\NATIVESERIALEXTENSION\DEBUG\NATIVESERIALEXTENSION.OBJ
D:\DOCUMENTS\PERSO\PROJECTS\AIR\NATIVEEXTENSIONS\NATIVESERIAL\ANE_SRC\NATIVE_SRC\WINDOWS-X86\NATIVESERIALEXTENSION\DEBUG\NATIVESERIALEXTENSION.ILK
D:\DOCUMENTS\PERSO\PROJECTS\AIR\NATIVEEXTENSIONS\NATIVESERIAL\ANE_SRC\NATIVE_SRC\WINDOWS-X86\NATIVESERIALEXTENSION\DEBUG\NATIVESERIALEXTENSION.DLL
D:\DOCUMENTS\PERSO\PROJECTS\AIR\NATIVEEXTENSIONS\NATIVESERIAL\ANE_SRC\NATIVE_SRC\WINDOWS-X86\NATIVESERIALEXTENSION\DEBUG\NATIVESERIALEXTENSION.PDB
D:\Documents\Perso\Projects\AIR\NativeExtensions\NativeSerial\ane_src\native_src\Windows-x86\NativeSerialExtension\Debug\NativeSerialExtension.lib
D:\Documents\Perso\Projects\AIR\NativeExtensions\NativeSerial\ane_src\native_src\Windows-x86\NativeSerialExtension\Debug\NativeSerialExtension.exp
D:\DOCUMENTS\PERSO\PROJECTS\AIR\NATIVEEXTENSIONS\NATIVESERIAL\ANE_SRC\NATIVE_SRC\WINDOWS-X86\NATIVESERIALEXTENSION\DEBUG\APP.RES
D:\Documents\Perso\Projects\AIR\NativeExtensions\NativeSerial\ane_src\native_src\Windows-x86\NativeSerialExtension\Debug\NativeSerialExtension.vcxprojResolveAssemblyReference.cache
D:\Documents\Perso\Projects\AIR\NativeExtensions\NativeSerial\ane_src\native_src\Windows-x86\NativeSerialExtension\Debug\.NETFramework,Version=v4.5.AssemblyAttributes.obj
D:\Documents\Perso\Projects\AIR\NativeExtensions\NativeSerial\ane_src\native_src\Windows-x86\NativeSerialExtension\Debug\AssemblyInfo.obj
D:\Documents\Perso\Projects\AIR\NativeExtensions\NativeSerial\ane_src\native_src\Windows-x86\NativeSerialExtension\Debug\NativeSerialExtension.obj
D:\Documents\Perso\Projects\AIR\NativeExtensions\NativeSerial\ane_src\native_src\Windows-x86\NativeSerialExtension\Debug\NativeSerialExtension.ilk
D:\Documents\Perso\Projects\AIR\NativeExtensions\NativeSerial\ane_src\native_src\Windows-x86\NativeSerialExtension\Debug\cl.command.1.tlog
D:\Documents\Perso\Projects\AIR\NativeExtensions\NativeSerial\ane_src\native_src\Windows-x86\NativeSerialExtension\Debug\CL.read.1.tlog
D:\Documents\Perso\Projects\AIR\NativeExtensions\NativeSerial\ane_src\native_src\Windows-x86\NativeSerialExtension\Debug\CL.write.1.tlog
D:\Documents\Perso\Projects\AIR\NativeExtensions\NativeSerial\ane_src\native_src\Windows-x86\NativeSerialExtension\Debug\link.1768-cvtres.read.1.tlog
D:\Documents\Perso\Projects\AIR\NativeExtensions\NativeSerial\ane_src\native_src\Windows-x86\NativeSerialExtension\Debug\link.1768-cvtres.write.1.tlog
D:\Documents\Perso\Projects\AIR\NativeExtensions\NativeSerial\ane_src\native_src\Windows-x86\NativeSerialExtension\Debug\link.1768-rc.read.1.tlog
D:\Documents\Perso\Projects\AIR\NativeExtensions\NativeSerial\ane_src\native_src\Windows-x86\NativeSerialExtension\Debug\link.1768-rc.write.1.tlog
D:\Documents\Perso\Projects\AIR\NativeExtensions\NativeSerial\ane_src\native_src\Windows-x86\NativeSerialExtension\Debug\link.1768.read.1.tlog
D:\Documents\Perso\Projects\AIR\NativeExtensions\NativeSerial\ane_src\native_src\Windows-x86\NativeSerialExtension\Debug\link.1768.write.1.tlog
D:\Documents\Perso\Projects\AIR\NativeExtensions\NativeSerial\ane_src\native_src\Windows-x86\NativeSerialExtension\Debug\link.3536-cvtres.read.1.tlog
D:\Documents\Perso\Projects\AIR\NativeExtensions\NativeSerial\ane_src\native_src\Windows-x86\NativeSerialExtension\Debug\link.3536-cvtres.write.1.tlog
D:\Documents\Perso\Projects\AIR\NativeExtensions\NativeSerial\ane_src\native_src\Windows-x86\NativeSerialExtension\Debug\link.3536-rc.read.1.tlog
D:\Documents\Perso\Projects\AIR\NativeExtensions\NativeSerial\ane_src\native_src\Windows-x86\NativeSerialExtension\Debug\link.3536-rc.write.1.tlog
D:\Documents\Perso\Projects\AIR\NativeExtensions\NativeSerial\ane_src\native_src\Windows-x86\NativeSerialExtension\Debug\link.3536.read.1.tlog
D:\Documents\Perso\Projects\AIR\NativeExtensions\NativeSerial\ane_src\native_src\Windows-x86\NativeSerialExtension\Debug\link.3536.write.1.tlog
D:\Documents\Perso\Projects\AIR\NativeExtensions\NativeSerial\ane_src\native_src\Windows-x86\NativeSerialExtension\Debug\link.5088-cvtres.read.1.tlog
D:\Documents\Perso\Projects\AIR\NativeExtensions\NativeSerial\ane_src\native_src\Windows-x86\NativeSerialExtension\Debug\link.5088-cvtres.write.1.tlog
D:\Documents\Perso\Projects\AIR\NativeExtensions\NativeSerial\ane_src\native_src\Windows-x86\NativeSerialExtension\Debug\link.5088-rc.read.1.tlog
D:\Documents\Perso\Projects\AIR\NativeExtensions\NativeSerial\ane_src\native_src\Windows-x86\NativeSerialExtension\Debug\link.5088-rc.write.1.tlog
D:\Documents\Perso\Projects\AIR\NativeExtensions\NativeSerial\ane_src\native_src\Windows-x86\NativeSerialExtension\Debug\link.5088.read.1.tlog
D:\Documents\Perso\Projects\AIR\NativeExtensions\NativeSerial\ane_src\native_src\Windows-x86\NativeSerialExtension\Debug\link.5088.write.1.tlog
D:\Documents\Perso\Projects\AIR\NativeExtensions\NativeSerial\ane_src\native_src\Windows-x86\NativeSerialExtension\Debug\link.6900-cvtres.read.1.tlog
D:\Documents\Perso\Projects\AIR\NativeExtensions\NativeSerial\ane_src\native_src\Windows-x86\NativeSerialExtension\Debug\link.6900-cvtres.write.1.tlog
D:\Documents\Perso\Projects\AIR\NativeExtensions\NativeSerial\ane_src\native_src\Windows-x86\NativeSerialExtension\Debug\link.6900-rc.read.1.tlog
D:\Documents\Perso\Projects\AIR\NativeExtensions\NativeSerial\ane_src\native_src\Windows-x86\NativeSerialExtension\Debug\link.6900-rc.write.1.tlog
D:\Documents\Perso\Projects\AIR\NativeExtensions\NativeSerial\ane_src\native_src\Windows-x86\NativeSerialExtension\Debug\link.6900.read.1.tlog
D:\Documents\Perso\Projects\AIR\NativeExtensions\NativeSerial\ane_src\native_src\Windows-x86\NativeSerialExtension\Debug\link.6900.write.1.tlog
D:\Documents\Perso\Projects\AIR\NativeExtensions\NativeSerial\ane_src\native_src\Windows-x86\NativeSerialExtension\Debug\link.7244-cvtres.read.1.tlog
D:\Documents\Perso\Projects\AIR\NativeExtensions\NativeSerial\ane_src\native_src\Windows-x86\NativeSerialExtension\Debug\link.7244-cvtres.write.1.tlog
D:\Documents\Perso\Projects\AIR\NativeExtensions\NativeSerial\ane_src\native_src\Windows-x86\NativeSerialExtension\Debug\link.7244-rc.read.1.tlog
D:\Documents\Perso\Projects\AIR\NativeExtensions\NativeSerial\ane_src\native_src\Windows-x86\NativeSerialExtension\Debug\link.7244-rc.write.1.tlog
D:\Documents\Perso\Projects\AIR\NativeExtensions\NativeSerial\ane_src\native_src\Windows-x86\NativeSerialExtension\Debug\link.7244.read.1.tlog
D:\Documents\Perso\Projects\AIR\NativeExtensions\NativeSerial\ane_src\native_src\Windows-x86\NativeSerialExtension\Debug\link.7244.write.1.tlog
D:\Documents\Perso\Projects\AIR\NativeExtensions\NativeSerial\ane_src\native_src\Windows-x86\NativeSerialExtension\Debug\link.7248-cvtres.read.1.tlog
D:\Documents\Perso\Projects\AIR\NativeExtensions\NativeSerial\ane_src\native_src\Windows-x86\NativeSerialExtension\Debug\link.7248-cvtres.write.1.tlog
D:\Documents\Perso\Projects\AIR\NativeExtensions\NativeSerial\ane_src\native_src\Windows-x86\NativeSerialExtension\Debug\link.7248-rc.read.1.tlog
D:\Documents\Perso\Projects\AIR\NativeExtensions\NativeSerial\ane_src\native_src\Windows-x86\NativeSerialExtension\Debug\link.7248-rc.write.1.tlog
D:\Documents\Perso\Projects\AIR\NativeExtensions\NativeSerial\ane_src\native_src\Windows-x86\NativeSerialExtension\Debug\link.7248.read.1.tlog
D:\Documents\Perso\Projects\AIR\NativeExtensions\NativeSerial\ane_src\native_src\Windows-x86\NativeSerialExtension\Debug\link.7248.write.1.tlog
D:\Documents\Perso\Projects\AIR\NativeExtensions\NativeSerial\ane_src\native_src\Windows-x86\NativeSerialExtension\Debug\link.7452-cvtres.read.1.tlog
D:\Documents\Perso\Projects\AIR\NativeExtensions\NativeSerial\ane_src\native_src\Windows-x86\NativeSerialExtension\Debug\link.7452-cvtres.write.1.tlog
D:\Documents\Perso\Projects\AIR\NativeExtensions\NativeSerial\ane_src\native_src\Windows-x86\NativeSerialExtension\Debug\link.7452-rc.read.1.tlog
D:\Documents\Perso\Projects\AIR\NativeExtensions\NativeSerial\ane_src\native_src\Windows-x86\NativeSerialExtension\Debug\link.7452-rc.write.1.tlog
D:\Documents\Perso\Projects\AIR\NativeExtensions\NativeSerial\ane_src\native_src\Windows-x86\NativeSerialExtension\Debug\link.7452.read.1.tlog
D:\Documents\Perso\Projects\AIR\NativeExtensions\NativeSerial\ane_src\native_src\Windows-x86\NativeSerialExtension\Debug\link.7452.write.1.tlog
D:\Documents\Perso\Projects\AIR\NativeExtensions\NativeSerial\ane_src\native_src\Windows-x86\NativeSerialExtension\Debug\link.7592-cvtres.read.1.tlog
D:\Documents\Perso\Projects\AIR\NativeExtensions\NativeSerial\ane_src\native_src\Windows-x86\NativeSerialExtension\Debug\link.7592-cvtres.write.1.tlog
D:\Documents\Perso\Projects\AIR\NativeExtensions\NativeSerial\ane_src\native_src\Windows-x86\NativeSerialExtension\Debug\link.7592-rc.read.1.tlog
D:\Documents\Perso\Projects\AIR\NativeExtensions\NativeSerial\ane_src\native_src\Windows-x86\NativeSerialExtension\Debug\link.7592-rc.write.1.tlog
D:\Documents\Perso\Projects\AIR\NativeExtensions\NativeSerial\ane_src\native_src\Windows-x86\NativeSerialExtension\Debug\link.7592.read.1.tlog
D:\Documents\Perso\Projects\AIR\NativeExtensions\NativeSerial\ane_src\native_src\Windows-x86\NativeSerialExtension\Debug\link.7592.write.1.tlog
D:\Documents\Perso\Projects\AIR\NativeExtensions\NativeSerial\ane_src\native_src\Windows-x86\NativeSerialExtension\Debug\link.7868-cvtres.read.1.tlog
D:\Documents\Perso\Projects\AIR\NativeExtensions\NativeSerial\ane_src\native_src\Windows-x86\NativeSerialExtension\Debug\link.7868-cvtres.write.1.tlog
D:\Documents\Perso\Projects\AIR\NativeExtensions\NativeSerial\ane_src\native_src\Windows-x86\NativeSerialExtension\Debug\link.7868-rc.read.1.tlog
D:\Documents\Perso\Projects\AIR\NativeExtensions\NativeSerial\ane_src\native_src\Windows-x86\NativeSerialExtension\Debug\link.7868-rc.write.1.tlog
D:\Documents\Perso\Projects\AIR\NativeExtensions\NativeSerial\ane_src\native_src\Windows-x86\NativeSerialExtension\Debug\link.7868.read.1.tlog
D:\Documents\Perso\Projects\AIR\NativeExtensions\NativeSerial\ane_src\native_src\Windows-x86\NativeSerialExtension\Debug\link.7868.write.1.tlog
D:\Documents\Perso\Projects\AIR\NativeExtensions\NativeSerial\ane_src\native_src\Windows-x86\NativeSerialExtension\Debug\link.7888-cvtres.read.1.tlog
D:\Documents\Perso\Projects\AIR\NativeExtensions\NativeSerial\ane_src\native_src\Windows-x86\NativeSerialExtension\Debug\link.7888-cvtres.write.1.tlog
D:\Documents\Perso\Projects\AIR\NativeExtensions\NativeSerial\ane_src\native_src\Windows-x86\NativeSerialExtension\Debug\link.7888-rc.read.1.tlog
D:\Documents\Perso\Projects\AIR\NativeExtensions\NativeSerial\ane_src\native_src\Windows-x86\NativeSerialExtension\Debug\link.7888-rc.write.1.tlog
D:\Documents\Perso\Projects\AIR\NativeExtensions\NativeSerial\ane_src\native_src\Windows-x86\NativeSerialExtension\Debug\link.7888.read.1.tlog
D:\Documents\Perso\Projects\AIR\NativeExtensions\NativeSerial\ane_src\native_src\Windows-x86\NativeSerialExtension\Debug\link.7888.write.1.tlog
D:\Documents\Perso\Projects\AIR\NativeExtensions\NativeSerial\ane_src\native_src\Windows-x86\NativeSerialExtension\Debug\link.7996-cvtres.read.1.tlog
D:\Documents\Perso\Projects\AIR\NativeExtensions\NativeSerial\ane_src\native_src\Windows-x86\NativeSerialExtension\Debug\link.7996-cvtres.write.1.tlog
D:\Documents\Perso\Projects\AIR\NativeExtensions\NativeSerial\ane_src\native_src\Windows-x86\NativeSerialExtension\Debug\link.7996-rc.read.1.tlog
D:\Documents\Perso\Projects\AIR\NativeExtensions\NativeSerial\ane_src\native_src\Windows-x86\NativeSerialExtension\Debug\link.7996-rc.write.1.tlog
D:\Documents\Perso\Projects\AIR\NativeExtensions\NativeSerial\ane_src\native_src\Windows-x86\NativeSerialExtension\Debug\link.7996.read.1.tlog
D:\Documents\Perso\Projects\AIR\NativeExtensions\NativeSerial\ane_src\native_src\Windows-x86\NativeSerialExtension\Debug\link.7996.write.1.tlog
D:\Documents\Perso\Projects\AIR\NativeExtensions\NativeSerial\ane_src\native_src\Windows-x86\NativeSerialExtension\Debug\link.command.1.tlog
D:\Documents\Perso\Projects\AIR\NativeExtensions\NativeSerial\ane_src\native_src\Windows-x86\NativeSerialExtension\Debug\link.read.1.tlog
D:\Documents\Perso\Projects\AIR\NativeExtensions\NativeSerial\ane_src\native_src\Windows-x86\NativeSerialExtension\Debug\link.write.1.tlog
D:\Documents\Perso\Projects\AIR\NativeExtensions\NativeSerial\ane_src\native_src\Windows-x86\NativeSerialExtension\Debug\metagen.read.1.tlog
D:\Documents\Perso\Projects\AIR\NativeExtensions\NativeSerial\ane_src\native_src\Windows-x86\NativeSerialExtension\Debug\metagen.write.1.tlog
D:\Documents\Perso\Projects\AIR\NativeExtensions\NativeSerial\ane_src\native_src\Windows-x86\NativeSerialExtension\Debug\NativeSerialExtension.write.1.tlog
D:\Documents\Perso\Projects\AIR\NativeExtensions\NativeSerial\ane_src\native_src\Windows-x86\NativeSerialExtension\Debug\rc.command.1.tlog
D:\Documents\Perso\Projects\AIR\NativeExtensions\NativeSerial\ane_src\native_src\Windows-x86\NativeSerialExtension\Debug\rc.read.1.tlog
D:\Documents\Perso\Projects\AIR\NativeExtensions\NativeSerial\ane_src\native_src\Windows-x86\NativeSerialExtension\Debug\rc.write.1.tlog
D:\Documents\Perso\Projects\AIR\NativeExtensions\NativeSerial\ane_src\native_src\Windows-x86\NativeSerialExtension\Debug\app.res
D:\Documents\Perso\Projects\AIR\NativeExtensions\NativeSerial\ane_src\native_src\Windows-x86\NativeSerialExtension\Debug\NativeSerialExtension.pdb
D:\Documents\Perso\Projects\AIR\NativeExtensions\NativeSerial\ane_src\native_src\Windows-x86\NativeSerialExtension\Debug\vc110.pdb
D:\Documents\Perso\Projects\AIR\NativeExtensions\NativeSerial\ane_src\native_src\Windows-x86\NativeSerialExtension\Debug\NativeSerialExtension.dll.metagen
D:\Documents\Perso\Projects\AIR\NativeExtensions\NativeSerial\ane_src\native_src\Windows-x86\NativeSerialExtension\Debug\TZRES.DLL.bi
D:\Documents\Perso\Projects\AIR\NativeExtensions\NativeSerial\ane_src\native_src\Windows-x86\NativeSerialExtension\Debug\NativeSerialExtension.dll
